global_palette.h
global_palette.c
friskidledown.h
friskidledown.c
friskdownmove1.h
friskdownmove1.c
friskdownmove2.h
friskdownmove2.c
friskidleup.h
friskidleup.c
friskupmove1.h
friskupmove1.c
friskupmove2.h
friskupmove2.c
friskidleleft.h
friskidleleft.c
friskleftmove1.h
friskleftmove1.c
friskleftmove2.h
friskleftmove2.c
friskidleright.h
friskidleright.c
friskrightmove1.h
friskrightmove1.c
friskrightmove2.h
friskrightmove2.c
undertale.h
undertale.c
ouat0.h
ouat0.c
ouat1.h
ouat1.c
ouat2.h
ouat2.c
ouat3.h
ouat3.c
ouat4.h
ouat4.c
ouat5.h
ouat5.c
ouat6.h
ouat6.c
ouat7.h
ouat7.c
ouat8.h
ouat8.c
ouat9.h
ouat9.c
ouat10.h
ouat10.c
ouatl.h
ouatl.c
gfx.h
